<?xml version="1.0" encoding="UTF-8"?>
<!-- Generated by org.testng.reporters.JUnitReportReporter -->
<testsuite skipped="0" hostname="KALAMSIR-PC" name="tests.MyRunner" tests="1" failures="0" timestamp="2022-04-23T22:17:52 IST" time="15.348" errors="0">
  <testcase name="runScenario" time="15.348" classname="tests.MyRunner"/>
  <system-out/>
</testsuite> <!-- tests.MyRunner -->
